c:\users\carll\downloads\kawaii.exposed cheat\kawaii.exposed\build\kawaii.exposed\release\inputsys.obj
c:\users\carll\downloads\kawaii.exposed cheat\kawaii.exposed\build\kawaii.exposed\release\visuals.obj
c:\users\carll\downloads\kawaii.exposed cheat\kawaii.exposed\build\kawaii.exposed\release\thirdperson.obj
c:\users\carll\downloads\kawaii.exposed cheat\kawaii.exposed\build\kawaii.exposed\release\skinchanger.obj
c:\users\carll\downloads\kawaii.exposed cheat\kawaii.exposed\build\kawaii.exposed\release\nightmode.obj
c:\users\carll\downloads\kawaii.exposed cheat\kawaii.exposed\build\kawaii.exposed\release\memewalk.obj
c:\users\carll\downloads\kawaii.exposed cheat\kawaii.exposed\build\kawaii.exposed\release\grenadeprediction.obj
c:\users\carll\downloads\kawaii.exposed cheat\kawaii.exposed\build\kawaii.exposed\release\glow.obj
c:\users\carll\downloads\kawaii.exposed cheat\kawaii.exposed\build\kawaii.exposed\release\chams.obj
c:\users\carll\downloads\kawaii.exposed cheat\kawaii.exposed\build\kawaii.exposed\release\bhop.obj
c:\users\carll\downloads\kawaii.exposed cheat\kawaii.exposed\build\kawaii.exposed\release\fakelag.obj
c:\users\carll\downloads\kawaii.exposed cheat\kawaii.exposed\build\kawaii.exposed\release\configs.obj
c:\users\carll\downloads\kawaii.exposed cheat\kawaii.exposed\build\kawaii.exposed\release\circlestrafer.obj
c:\users\carll\downloads\kawaii.exposed cheat\kawaii.exposed\build\kawaii.exposed\release\autowall.obj
c:\users\carll\downloads\kawaii.exposed cheat\kawaii.exposed\build\kawaii.exposed\release\autostrafer.obj
c:\users\carll\downloads\kawaii.exposed cheat\kawaii.exposed\build\kawaii.exposed\release\antiaims.obj
c:\users\carll\downloads\kawaii.exposed cheat\kawaii.exposed\build\kawaii.exposed\release\aimbot2.obj
c:\users\carll\downloads\kawaii.exposed cheat\kawaii.exposed\build\kawaii.exposed\release\aimbot.obj
c:\users\carll\downloads\kawaii.exposed cheat\kawaii.exposed\build\kawaii.exposed\release\offsets.obj
c:\users\carll\downloads\kawaii.exposed cheat\kawaii.exposed\build\kawaii.exposed\release\interfaces.obj
c:\users\carll\downloads\kawaii.exposed cheat\kawaii.exposed\build\kawaii.exposed\release\vmatrix.obj
c:\users\carll\downloads\kawaii.exposed cheat\kawaii.exposed\build\kawaii.exposed\release\vector4d.obj
c:\users\carll\downloads\kawaii.exposed cheat\kawaii.exposed\build\kawaii.exposed\release\vector2d.obj
c:\users\carll\downloads\kawaii.exposed cheat\kawaii.exposed\build\kawaii.exposed\release\sdk.obj
c:\users\carll\downloads\kawaii.exposed cheat\kawaii.exposed\build\kawaii.exposed\release\csgostructs.obj
c:\users\carll\downloads\kawaii.exposed cheat\kawaii.exposed\build\kawaii.exposed\release\triggerbot.obj
c:\users\carll\downloads\kawaii.exposed cheat\kawaii.exposed\build\kawaii.exposed\release\spoofedconvar.obj
c:\users\carll\downloads\kawaii.exposed cheat\kawaii.exposed\build\kawaii.exposed\release\spectatorlist.obj
c:\users\carll\downloads\kawaii.exposed cheat\kawaii.exposed\build\kawaii.exposed\release\resolver.obj
c:\users\carll\downloads\kawaii.exposed cheat\kawaii.exposed\build\kawaii.exposed\release\options.obj
c:\users\carll\downloads\kawaii.exposed cheat\kawaii.exposed\build\kawaii.exposed\release\menu.obj
c:\users\carll\downloads\kawaii.exposed cheat\kawaii.exposed\build\kawaii.exposed\release\main.obj
c:\users\carll\downloads\kawaii.exposed cheat\kawaii.exposed\build\kawaii.exposed\release\json.obj
c:\users\carll\downloads\kawaii.exposed cheat\kawaii.exposed\build\kawaii.exposed\release\imgui_impl_dx9.obj
c:\users\carll\downloads\kawaii.exposed cheat\kawaii.exposed\build\kawaii.exposed\release\imgui_draw.obj
c:\users\carll\downloads\kawaii.exposed cheat\kawaii.exposed\build\kawaii.exposed\release\imgui.obj
c:\users\carll\downloads\kawaii.exposed cheat\kawaii.exposed\build\kawaii.exposed\release\hooks.obj
c:\users\carll\downloads\kawaii.exposed cheat\kawaii.exposed\build\kawaii.exposed\release\vfunc_hook.obj
c:\users\carll\downloads\kawaii.exposed cheat\kawaii.exposed\build\kawaii.exposed\release\utils.obj
c:\users\carll\downloads\kawaii.exposed cheat\kawaii.exposed\build\kawaii.exposed\release\math.obj
c:\users\carll\downloads\kawaii.exposed cheat\kawaii.exposed\build\kawaii.exposed\release\netvarsys.obj
c:\users\carll\downloads\kawaii.exposed cheat\kawaii.exposed\build\kawaii.exposed\release\utlstring.obj
c:\users\carll\downloads\kawaii.exposed cheat\kawaii.exposed\build\kawaii.exposed\release\utlbuffer.obj
c:\users\carll\downloads\kawaii.exposed cheat\kawaii.exposed\build\kawaii.exposed\release\convar.obj
c:\users\carll\downloads\kawaii.exposed cheat\kawaii.exposed\build\kawaii.exposed\release\color.obj
c:\users\carll\downloads\kawaii.exposed cheat\kawaii.exposed\build\kawaii.exposed\release\checksum_md5.obj
c:\users\carll\downloads\kawaii.exposed cheat\kawaii.exposed\build\kawaii.exposed\release\checksum_crc.obj
c:\users\carll\downloads\kawaii.exposed cheat\kawaii.exposed\build\kawaii.exposed\release\characterset.obj
c:\users\carll\downloads\kawaii.exposed cheat\kawaii.exposed\build\kawaii.exposed\release\kawaii.exposed.tlog\cl.command.1.tlog
c:\users\carll\downloads\kawaii.exposed cheat\kawaii.exposed\build\kawaii.exposed\release\kawaii.exposed.tlog\cl.read.1.tlog
c:\users\carll\downloads\kawaii.exposed cheat\kawaii.exposed\build\kawaii.exposed\release\kawaii.exposed.tlog\cl.write.1.tlog
c:\users\carll\downloads\kawaii.exposed cheat\kawaii.exposed\build\kawaii.exposed\release\kawaii.exposed.tlog\link.command.1.tlog
c:\users\carll\downloads\kawaii.exposed cheat\kawaii.exposed\build\kawaii.exposed\release\kawaii.exposed.tlog\link.read.1.tlog
c:\users\carll\downloads\kawaii.exposed cheat\kawaii.exposed\build\kawaii.exposed\release\kawaii.exposed.tlog\link.write.1.tlog
